<?xml version="1.0" encoding="UTF-8"?>
<testsuite xmlns:xsi="http://www.w3.org/2001/XMLSchema-instance" xsi:noNamespaceSchemaLocation="https://maven.apache.org/surefire/maven-surefire-plugin/xsd/surefire-test-report.xsd" name="com.webpt.step.definition.AppTest" time="0.235" tests="1" errors="0" skipped="0" failures="0">
  <properties>
    <property name="gopherProxySet" value="false"/>
    <property name="awt.toolkit" value="sun.lwawt.macosx.LWCToolkit"/>
    <property name="file.encoding.pkg" value="sun.io"/>
    <property name="java.specification.version" value="1.8"/>
    <property name="sun.cpu.isalist" value=""/>
    <property name="sun.jnu.encoding" value="UTF-8"/>
    <property name="java.class.path" value="/Users/sayed.maudoudi/Desktop/webpt-cucumber-starter/target/test-classes:/Users/sayed.maudoudi/Desktop/webpt-cucumber-starter/target/classes:/Users/sayed.maudoudi/.m2/repository/org/testng/testng/6.14.2/testng-6.14.2.jar:/Users/sayed.maudoudi/.m2/repository/com/beust/jcommander/1.72/jcommander-1.72.jar:/Users/sayed.maudoudi/.m2/repository/org/apache-extras/beanshell/bsh/2.0b6/bsh-2.0b6.jar:/Users/sayed.maudoudi/.m2/repository/org/slf4j/slf4j-api/1.7.5/slf4j-api-1.7.5.jar:/Users/sayed.maudoudi/.m2/repository/commons-io/commons-io/2.4/commons-io-2.4.jar:/Users/sayed.maudoudi/.m2/repository/org/seleniumhq/selenium/selenium-java/3.11.0/selenium-java-3.11.0.jar:/Users/sayed.maudoudi/.m2/repository/org/seleniumhq/selenium/selenium-api/3.11.0/selenium-api-3.11.0.jar:/Users/sayed.maudoudi/.m2/repository/org/seleniumhq/selenium/selenium-chrome-driver/3.11.0/selenium-chrome-driver-3.11.0.jar:/Users/sayed.maudoudi/.m2/repository/org/seleniumhq/selenium/selenium-edge-driver/3.11.0/selenium-edge-driver-3.11.0.jar:/Users/sayed.maudoudi/.m2/repository/org/seleniumhq/selenium/selenium-firefox-driver/3.11.0/selenium-firefox-driver-3.11.0.jar:/Users/sayed.maudoudi/.m2/repository/org/seleniumhq/selenium/selenium-ie-driver/3.11.0/selenium-ie-driver-3.11.0.jar:/Users/sayed.maudoudi/.m2/repository/org/seleniumhq/selenium/selenium-opera-driver/3.11.0/selenium-opera-driver-3.11.0.jar:/Users/sayed.maudoudi/.m2/repository/org/seleniumhq/selenium/selenium-safari-driver/3.11.0/selenium-safari-driver-3.11.0.jar:/Users/sayed.maudoudi/.m2/repository/org/seleniumhq/selenium/selenium-support/3.11.0/selenium-support-3.11.0.jar:/Users/sayed.maudoudi/.m2/repository/net/bytebuddy/byte-buddy/1.7.9/byte-buddy-1.7.9.jar:/Users/sayed.maudoudi/.m2/repository/org/apache/commons/commons-exec/1.3/commons-exec-1.3.jar:/Users/sayed.maudoudi/.m2/repository/commons-codec/commons-codec/1.10/commons-codec-1.10.jar:/Users/sayed.maudoudi/.m2/repository/commons-logging/commons-logging/1.2/commons-logging-1.2.jar:/Users/sayed.maudoudi/.m2/repository/com/google/code/gson/gson/2.8.2/gson-2.8.2.jar:/Users/sayed.maudoudi/.m2/repository/com/google/guava/guava/23.6-jre/guava-23.6-jre.jar:/Users/sayed.maudoudi/.m2/repository/com/google/code/findbugs/jsr305/1.3.9/jsr305-1.3.9.jar:/Users/sayed.maudoudi/.m2/repository/org/checkerframework/checker-compat-qual/2.0.0/checker-compat-qual-2.0.0.jar:/Users/sayed.maudoudi/.m2/repository/com/google/errorprone/error_prone_annotations/2.1.3/error_prone_annotations-2.1.3.jar:/Users/sayed.maudoudi/.m2/repository/com/google/j2objc/j2objc-annotations/1.1/j2objc-annotations-1.1.jar:/Users/sayed.maudoudi/.m2/repository/org/codehaus/mojo/animal-sniffer-annotations/1.14/animal-sniffer-annotations-1.14.jar:/Users/sayed.maudoudi/.m2/repository/org/apache/httpcomponents/httpclient/4.5.3/httpclient-4.5.3.jar:/Users/sayed.maudoudi/.m2/repository/org/apache/httpcomponents/httpcore/4.4.6/httpcore-4.4.6.jar:/Users/sayed.maudoudi/.m2/repository/com/squareup/okhttp3/okhttp/3.9.1/okhttp-3.9.1.jar:/Users/sayed.maudoudi/.m2/repository/com/squareup/okio/okio/1.13.0/okio-1.13.0.jar:/Users/sayed.maudoudi/.m2/repository/org/seleniumhq/selenium/selenium-server/3.11.0/selenium-server-3.11.0.jar:/Users/sayed.maudoudi/.m2/repository/org/apache/commons/commons-text/1.1/commons-text-1.1.jar:/Users/sayed.maudoudi/.m2/repository/commons-net/commons-net/3.6/commons-net-3.6.jar:/Users/sayed.maudoudi/.m2/repository/org/w3c/css/sac/1.3/sac-1.3.jar:/Users/sayed.maudoudi/.m2/repository/net/sourceforge/cssparser/cssparser/0.9.24/cssparser-0.9.24.jar:/Users/sayed.maudoudi/.m2/repository/net/sourceforge/htmlunit/htmlunit/2.29/htmlunit-2.29.jar:/Users/sayed.maudoudi/.m2/repository/net/sourceforge/htmlunit/htmlunit-core-js/2.28/htmlunit-core-js-2.28.jar:/Users/sayed.maudoudi/.m2/repository/net/sourceforge/htmlunit/neko-htmlunit/2.28/neko-htmlunit-2.28.jar:/Users/sayed.maudoudi/.m2/repository/org/apache/httpcomponents/httpmime/4.5.3/httpmime-4.5.3.jar:/Users/sayed.maudoudi/.m2/repository/net/jcip/jcip-annotations/1.0/jcip-annotations-1.0.jar:/Users/sayed.maudoudi/.m2/repository/org/seleniumhq/selenium/jetty-repacked/9.4.7.v20171121/jetty-repacked-9.4.7.v20171121.jar:/Users/sayed.maudoudi/.m2/repository/org/eclipse/jetty/jetty-client/9.4.7.v20170914/jetty-client-9.4.7.v20170914.jar:/Users/sayed.maudoudi/.m2/repository/org/eclipse/jetty/jetty-http/9.4.8.v20171121/jetty-http-9.4.8.v20171121.jar:/Users/sayed.maudoudi/.m2/repository/org/eclipse/jetty/jetty-io/9.4.8.v20171121/jetty-io-9.4.8.v20171121.jar:/Users/sayed.maudoudi/.m2/repository/org/eclipse/jetty/jetty-util/9.4.8.v20171121/jetty-util-9.4.8.v20171121.jar:/Users/sayed.maudoudi/.m2/repository/org/eclipse/jetty/jetty-xml/9.4.7.v20170914/jetty-xml-9.4.7.v20170914.jar:/Users/sayed.maudoudi/.m2/repository/org/seleniumhq/selenium/htmlunit-driver/2.29.0/htmlunit-driver-2.29.0.jar:/Users/sayed.maudoudi/.m2/repository/javax/servlet/javax.servlet-api/3.1.0/javax.servlet-api-3.1.0.jar:/Users/sayed.maudoudi/.m2/repository/org/eclipse/jetty/websocket/websocket-api/9.4.7.v20170914/websocket-api-9.4.7.v20170914.jar:/Users/sayed.maudoudi/.m2/repository/org/eclipse/jetty/websocket/websocket-client/9.4.7.v20170914/websocket-client-9.4.7.v20170914.jar:/Users/sayed.maudoudi/.m2/repository/org/eclipse/jetty/websocket/websocket-common/9.4.7.v20170914/websocket-common-9.4.7.v20170914.jar:/Users/sayed.maudoudi/.m2/repository/xalan/serializer/2.7.2/serializer-2.7.2.jar:/Users/sayed.maudoudi/.m2/repository/xalan/xalan/2.7.2/xalan-2.7.2.jar:/Users/sayed.maudoudi/.m2/repository/xerces/xercesImpl/2.11.0/xercesImpl-2.11.0.jar:/Users/sayed.maudoudi/.m2/repository/xml-apis/xml-apis/1.4.01/xml-apis-1.4.01.jar:/Users/sayed.maudoudi/.m2/repository/org/yaml/snakeyaml/1.19/snakeyaml-1.19.jar:/Users/sayed.maudoudi/.m2/repository/org/seleniumhq/selenium/selenium-remote-driver/3.11.0/selenium-remote-driver-3.11.0.jar:/Users/sayed.maudoudi/.m2/repository/com/opera/operadriver/0.7.3/operadriver-0.7.3.jar:/Users/sayed.maudoudi/.m2/repository/com/google/protobuf/protobuf-java/2.4.1/protobuf-java-2.4.1.jar:/Users/sayed.maudoudi/.m2/repository/org/assertj/assertj-core/3.6.2/assertj-core-3.6.2.jar:/Users/sayed.maudoudi/.m2/repository/javax/ws/rs/javax.ws.rs-api/2.0.1/javax.ws.rs-api-2.0.1.jar:/Users/sayed.maudoudi/.m2/repository/org/apache/commons/commons-math/2.1/commons-math-2.1.jar:/Users/sayed.maudoudi/.m2/repository/org/apache/commons/commons-lang3/3.0/commons-lang3-3.0.jar:/Users/sayed.maudoudi/.m2/repository/commons-configuration/commons-configuration/1.9/commons-configuration-1.9.jar:/Users/sayed.maudoudi/.m2/repository/commons-lang/commons-lang/2.6/commons-lang-2.6.jar:/Users/sayed.maudoudi/.m2/repository/commons-jxpath/commons-jxpath/1.3/commons-jxpath-1.3.jar:/Users/sayed.maudoudi/.m2/repository/commons-beanutils/commons-beanutils/1.8.3/commons-beanutils-1.8.3.jar:/Users/sayed.maudoudi/.m2/repository/commons-dbutils/commons-dbutils/1.5/commons-dbutils-1.5.jar:/Users/sayed.maudoudi/.m2/repository/commons-dbcp/commons-dbcp/1.4/commons-dbcp-1.4.jar:/Users/sayed.maudoudi/.m2/repository/commons-pool/commons-pool/1.5.4/commons-pool-1.5.4.jar:/Users/sayed.maudoudi/.m2/repository/ch/qos/logback/logback-classic/1.2.3/logback-classic-1.2.3.jar:/Users/sayed.maudoudi/.m2/repository/com/h2database/h2/1.4.187/h2-1.4.187.jar:/Users/sayed.maudoudi/.m2/repository/org/jdom/jdom2/2.0.6/jdom2-2.0.6.jar:/Users/sayed.maudoudi/.m2/repository/log4j/log4j/1.2.17/log4j-1.2.17.jar:/Users/sayed.maudoudi/.m2/repository/org/jbehave/jbehave-core/3.9.5/jbehave-core-3.9.5.jar:/Users/sayed.maudoudi/.m2/repository/junit/junit/4.11/junit-4.11.jar:/Users/sayed.maudoudi/.m2/repository/org/hamcrest/hamcrest-core/1.3/hamcrest-core-1.3.jar:/Users/sayed.maudoudi/.m2/repository/org/hamcrest/hamcrest-library/1.3/hamcrest-library-1.3.jar:/Users/sayed.maudoudi/.m2/repository/org/hamcrest/hamcrest-integration/1.3/hamcrest-integration-1.3.jar:/Users/sayed.maudoudi/.m2/repository/commons-collections/commons-collections/3.2.1/commons-collections-3.2.1.jar:/Users/sayed.maudoudi/.m2/repository/org/codehaus/plexus/plexus-utils/3.0.10/plexus-utils-3.0.10.jar:/Users/sayed.maudoudi/.m2/repository/org/freemarker/freemarker/2.3.19/freemarker-2.3.19.jar:/Users/sayed.maudoudi/.m2/repository/com/thoughtworks/paranamer/paranamer/2.4/paranamer-2.4.jar:/Users/sayed.maudoudi/.m2/repository/com/thoughtworks/xstream/xstream/1.4.5/xstream-1.4.5.jar:/Users/sayed.maudoudi/.m2/repository/xmlpull/xmlpull/1.1.3.1/xmlpull-1.1.3.1.jar:/Users/sayed.maudoudi/.m2/repository/xpp3/xpp3_min/1.1.4c/xpp3_min-1.1.4c.jar:/Users/sayed.maudoudi/.m2/repository/info/cukes/cucumber-java8/1.2.5/cucumber-java8-1.2.5.jar:/Users/sayed.maudoudi/.m2/repository/info/cukes/cucumber-java/1.2.5/cucumber-java-1.2.5.jar:/Users/sayed.maudoudi/.m2/repository/info/cukes/cucumber-junit/1.2.5/cucumber-junit-1.2.5.jar:/Users/sayed.maudoudi/.m2/repository/info/cukes/cucumber-testng/1.2.5/cucumber-testng-1.2.5.jar:/Users/sayed.maudoudi/.m2/repository/info/cukes/cucumber-core/1.2.5/cucumber-core-1.2.5.jar:/Users/sayed.maudoudi/.m2/repository/info/cukes/cucumber-html/0.2.3/cucumber-html-0.2.3.jar:/Users/sayed.maudoudi/.m2/repository/info/cukes/cucumber-jvm-deps/1.0.5/cucumber-jvm-deps-1.0.5.jar:/Users/sayed.maudoudi/.m2/repository/info/cukes/gherkin/2.12.2/gherkin-2.12.2.jar:/Users/sayed.maudoudi/.m2/repository/net/masterthought/cucumber-reporting/3.9.0/cucumber-reporting-3.9.0.jar:/Users/sayed.maudoudi/.m2/repository/org/apache/logging/log4j/log4j-api/2.8.2/log4j-api-2.8.2.jar:/Users/sayed.maudoudi/.m2/repository/com/fasterxml/jackson/core/jackson-databind/2.8.6/jackson-databind-2.8.6.jar:/Users/sayed.maudoudi/.m2/repository/com/fasterxml/jackson/core/jackson-annotations/2.8.0/jackson-annotations-2.8.0.jar:/Users/sayed.maudoudi/.m2/repository/com/fasterxml/jackson/core/jackson-core/2.8.6/jackson-core-2.8.6.jar:/Users/sayed.maudoudi/.m2/repository/org/apache/velocity/velocity/1.7/velocity-1.7.jar:/Users/sayed.maudoudi/.m2/repository/velocity-tools/velocity-tools/1.4/velocity-tools-1.4.jar:/Users/sayed.maudoudi/.m2/repository/joda-time/joda-time/2.9.9/joda-time-2.9.9.jar:/Users/sayed.maudoudi/.m2/repository/net/lingala/zip4j/zip4j/1.3.2/zip4j-1.3.2.jar:/Users/sayed.maudoudi/.m2/repository/org/jsoup/jsoup/1.10.3/jsoup-1.10.3.jar:/Users/sayed.maudoudi/.m2/repository/com/googlecode/owasp-java-html-sanitizer/owasp-java-html-sanitizer/20170515.1/owasp-java-html-sanitizer-20170515.1.jar:/Users/sayed.maudoudi/.m2/repository/com/liferay/net.jsourcerer.webdriver.JSErrorCollector/0.6/net.jsourcerer.webdriver.JSErrorCollector-0.6.jar:/Users/sayed.maudoudi/.m2/repository/org/sikuli/sikuli-api/1.2.0/sikuli-api-1.2.0.jar:/Users/sayed.maudoudi/.m2/repository/org/sikuli/sikuli-core/1.2.2/sikuli-core-1.2.2.jar:/Users/sayed.maudoudi/.m2/repository/org/bytedeco/javacpp/0.9/javacpp-0.9.jar:/Users/sayed.maudoudi/.m2/repository/org/bytedeco/javacpp-presets/opencv/2.4.9-0.9/opencv-2.4.9-0.9.jar:/Users/sayed.maudoudi/.m2/repository/org/piccolo2d/piccolo2d-extras/1.3.1/piccolo2d-extras-1.3.1.jar:/Users/sayed.maudoudi/.m2/repository/org/piccolo2d/piccolo2d-core/1.3.1/piccolo2d-core-1.3.1.jar:/Users/sayed.maudoudi/.m2/repository/com/codeborne/phantomjsdriver/1.4.3/phantomjsdriver-1.4.3.jar:/Users/sayed.maudoudi/.m2/repository/ch/qos/logback/logback-core/1.2.3/logback-core-1.2.3.jar:/Users/sayed.maudoudi/.m2/repository/org/apache/logging/log4j/log4j-core/2.11.0/log4j-core-2.11.0.jar:/Users/sayed.maudoudi/.m2/repository/com/github/mkolisnyk/cucumber-runner/1.0.8/cucumber-runner-1.0.8.jar:/Users/sayed.maudoudi/.m2/repository/com/github/mkolisnyk/cucumber-report-generator/1.0.8/cucumber-report-generator-1.0.8.jar:/Users/sayed.maudoudi/.m2/repository/batik/batik-transcoder/1.6-1/batik-transcoder-1.6-1.jar:/Users/sayed.maudoudi/.m2/repository/batik/batik-bridge/1.6-1/batik-bridge-1.6-1.jar:/Users/sayed.maudoudi/.m2/repository/batik/batik-gvt/1.6-1/batik-gvt-1.6-1.jar:/Users/sayed.maudoudi/.m2/repository/batik/batik-awt-util/1.6-1/batik-awt-util-1.6-1.jar:/Users/sayed.maudoudi/.m2/repository/batik/batik-util/1.6-1/batik-util-1.6-1.jar:/Users/sayed.maudoudi/.m2/repository/batik/batik-gui-util/1.6-1/batik-gui-util-1.6-1.jar:/Users/sayed.maudoudi/.m2/repository/batik/batik-ext/1.6-1/batik-ext-1.6-1.jar:/Users/sayed.maudoudi/.m2/repository/xml-apis/xmlParserAPIs/2.0.2/xmlParserAPIs-2.0.2.jar:/Users/sayed.maudoudi/.m2/repository/batik/batik-script/1.6-1/batik-script-1.6-1.jar:/Users/sayed.maudoudi/.m2/repository/rhino/js/1.5R4.1/js-1.5R4.1.jar:/Users/sayed.maudoudi/.m2/repository/batik/batik-svg-dom/1.6-1/batik-svg-dom-1.6-1.jar:/Users/sayed.maudoudi/.m2/repository/batik/batik-dom/1.6-1/batik-dom-1.6-1.jar:/Users/sayed.maudoudi/.m2/repository/batik/batik-css/1.6-1/batik-css-1.6-1.jar:/Users/sayed.maudoudi/.m2/repository/batik/batik-xml/1.6-1/batik-xml-1.6-1.jar:/Users/sayed.maudoudi/.m2/repository/batik/batik-parser/1.6-1/batik-parser-1.6-1.jar:/Users/sayed.maudoudi/.m2/repository/com/itextpdf/itextpdf/5.5.10/itextpdf-5.5.10.jar:/Users/sayed.maudoudi/.m2/repository/com/cedarsoftware/json-io/4.8.0/json-io-4.8.0.jar:/Users/sayed.maudoudi/.m2/repository/org/xhtmlrenderer/flying-saucer-pdf/9.0.9/flying-saucer-pdf-9.0.9.jar:/Users/sayed.maudoudi/.m2/repository/com/lowagie/itext/2.1.7/itext-2.1.7.jar:/Users/sayed.maudoudi/.m2/repository/bouncycastle/bcmail-jdk14/138/bcmail-jdk14-138.jar:/Users/sayed.maudoudi/.m2/repository/bouncycastle/bcprov-jdk14/138/bcprov-jdk14-138.jar:/Users/sayed.maudoudi/.m2/repository/org/bouncycastle/bctsp-jdk14/1.38/bctsp-jdk14-1.38.jar:/Users/sayed.maudoudi/.m2/repository/org/xhtmlrenderer/flying-saucer-core/9.0.9/flying-saucer-core-9.0.9.jar:/Users/sayed.maudoudi/.m2/repository/org/javassist/javassist/3.22.0-CR1/javassist-3.22.0-CR1.jar:/Users/sayed.maudoudi/.m2/repository/org/apache/maven/maven-plugin-api/2.0/maven-plugin-api-2.0.jar:/Users/sayed.maudoudi/.m2/repository/org/apache/maven/reporting/maven-reporting-api/2.0.8/maven-reporting-api-2.0.8.jar:/Users/sayed.maudoudi/.m2/repository/org/apache/maven/doxia/doxia-sink-api/1.0-alpha-9/doxia-sink-api-1.0-alpha-9.jar:/Users/sayed.maudoudi/.m2/repository/org/apache/maven/reporting/maven-reporting-impl/2.0.4.3/maven-reporting-impl-2.0.4.3.jar:/Users/sayed.maudoudi/.m2/repository/org/apache/maven/maven-project/2.0.4/maven-project-2.0.4.jar:/Users/sayed.maudoudi/.m2/repository/org/apache/maven/maven-settings/2.0.4/maven-settings-2.0.4.jar:/Users/sayed.maudoudi/.m2/repository/org/apache/maven/maven-profile/2.0.4/maven-profile-2.0.4.jar:/Users/sayed.maudoudi/.m2/repository/org/apache/maven/maven-artifact-manager/2.0.4/maven-artifact-manager-2.0.4.jar:/Users/sayed.maudoudi/.m2/repository/org/apache/maven/wagon/wagon-provider-api/1.0-alpha-6/wagon-provider-api-1.0-alpha-6.jar:/Users/sayed.maudoudi/.m2/repository/org/codehaus/plexus/plexus-container-default/1.0-alpha-9/plexus-container-default-1.0-alpha-9.jar:/Users/sayed.maudoudi/.m2/repository/classworlds/classworlds/1.1-alpha-2/classworlds-1.1-alpha-2.jar:/Users/sayed.maudoudi/.m2/repository/org/apache/maven/doxia/doxia-core/1.0/doxia-core-1.0.jar:/Users/sayed.maudoudi/.m2/repository/org/apache/maven/doxia/doxia-site-renderer/1.0/doxia-site-renderer-1.0.jar:/Users/sayed.maudoudi/.m2/repository/org/codehaus/plexus/plexus-i18n/1.0-beta-7/plexus-i18n-1.0-beta-7.jar:/Users/sayed.maudoudi/.m2/repository/org/codehaus/plexus/plexus-velocity/1.1.7/plexus-velocity-1.1.7.jar:/Users/sayed.maudoudi/.m2/repository/org/apache/maven/doxia/doxia-decoration-model/1.0/doxia-decoration-model-1.0.jar:/Users/sayed.maudoudi/.m2/repository/org/apache/maven/doxia/doxia-module-apt/1.0/doxia-module-apt-1.0.jar:/Users/sayed.maudoudi/.m2/repository/org/apache/maven/doxia/doxia-module-fml/1.0/doxia-module-fml-1.0.jar:/Users/sayed.maudoudi/.m2/repository/org/apache/maven/doxia/doxia-module-xdoc/1.0/doxia-module-xdoc-1.0.jar:/Users/sayed.maudoudi/.m2/repository/org/apache/maven/doxia/doxia-module-xhtml/1.0/doxia-module-xhtml-1.0.jar:/Users/sayed.maudoudi/.m2/repository/commons-validator/commons-validator/1.2.0/commons-validator-1.2.0.jar:/Users/sayed.maudoudi/.m2/repository/commons-digester/commons-digester/1.6/commons-digester-1.6.jar:/Users/sayed.maudoudi/.m2/repository/oro/oro/2.0.8/oro-2.0.8.jar:/Users/sayed.maudoudi/.m2/repository/org/apache/maven/shared/maven-doxia-tools/1.0.2/maven-doxia-tools-1.0.2.jar:/Users/sayed.maudoudi/.m2/repository/net/masterthought/jenkins/cucumber-reports/0.0.21/cucumber-reports-0.0.21.jar:/Users/sayed.maudoudi/.m2/repository/net/masterthought/maven-cucumber-reporting/3.16.0/maven-cucumber-reporting-3.16.0.jar:/Users/sayed.maudoudi/.m2/repository/org/apache/maven/plugins/maven-gpg-plugin/1.6/maven-gpg-plugin-1.6.jar:/Users/sayed.maudoudi/.m2/repository/org/apache/maven/maven-artifact/2.2.1/maven-artifact-2.2.1.jar:/Users/sayed.maudoudi/.m2/repository/org/apache/maven/maven-repository-metadata/2.2.1/maven-repository-metadata-2.2.1.jar:/Users/sayed.maudoudi/.m2/repository/org/apache/maven/maven-model/2.2.1/maven-model-2.2.1.jar:/Users/sayed.maudoudi/.m2/repository/org/sonatype/plexus/plexus-sec-dispatcher/1.4/plexus-sec-dispatcher-1.4.jar:/Users/sayed.maudoudi/.m2/repository/org/sonatype/plexus/plexus-cipher/1.4/plexus-cipher-1.4.jar:/Users/sayed.maudoudi/.m2/repository/org/jenkins-ci/plugins/git/2.5.0/git-2.5.0.jar:/Users/sayed.maudoudi/.m2/repository/com/infradna/tool/bridge-method-annotation/1.14/bridge-method-annotation-1.14.jar:/Users/sayed.maudoudi/.m2/repository/org/jenkins-ci/annotation-indexer/1.4/annotation-indexer-1.4.jar:/Users/sayed.maudoudi/.m2/repository/org/jenkins-ci/plugins/git-client/1.19.6/git-client-1.19.6.jar:/Users/sayed.maudoudi/.m2/repository/org/eclipse/jgit/org.eclipse.jgit/3.7.1.201504261725-r/org.eclipse.jgit-3.7.1.201504261725-r.jar:/Users/sayed.maudoudi/.m2/repository/com/jcraft/jsch/0.1.50/jsch-0.1.50.jar:/Users/sayed.maudoudi/.m2/repository/com/googlecode/javaewah/JavaEWAH/0.7.9/JavaEWAH-0.7.9.jar:/Users/sayed.maudoudi/.m2/repository/org/eclipse/jgit/org.eclipse.jgit.http.server/3.7.1.201504261725-r/org.eclipse.jgit.http.server-3.7.1.201504261725-r.jar:/Users/sayed.maudoudi/.m2/repository/org/eclipse/jgit/org.eclipse.jgit.java7/3.7.1.201504261725-r/org.eclipse.jgit.java7-3.7.1.201504261725-r.jar:/Users/sayed.maudoudi/.m2/repository/org/jenkins-ci/plugins/credentials/1.25/credentials-1.25.jar:/Users/sayed.maudoudi/.m2/repository/com/github/stephenc/findbugs/findbugs-annotations/1.3.9-1/findbugs-annotations-1.3.9-1.jar:/Users/sayed.maudoudi/.m2/repository/org/jenkins-ci/plugins/icon-shim/icon-shim/2.0.2/icon-shim-2.0.2.jar:/Users/sayed.maudoudi/.m2/repository/org/jenkins-ci/plugins/icon-shim/icon-set/2.0.2/icon-set-2.0.2.jar:/Users/sayed.maudoudi/.m2/repository/org/jenkins-ci/plugins/ssh-credentials/1.11/ssh-credentials-1.11.jar:/Users/sayed.maudoudi/.m2/repository/org/jenkins-ci/plugins/scm-api/1.0/scm-api-1.0.jar:/Users/sayed.maudoudi/.m2/repository/org/jenkins-ci/plugins/workflow/workflow-scm-step/1.14.2/workflow-scm-step-1.14.2.jar:/Users/sayed.maudoudi/.m2/repository/org/jenkins-ci/plugins/workflow/workflow-step-api/1.14.2/workflow-step-api-1.14.2.jar:/Users/sayed.maudoudi/.m2/repository/org/jenkins-ci/plugins/matrix-project/1.6/matrix-project-1.6.jar:/Users/sayed.maudoudi/.m2/repository/org/jenkins-ci/plugins/junit/1.2/junit-1.2.jar:/Users/sayed.maudoudi/.m2/repository/org/jenkins-ci/plugins/script-security/1.13/script-security-1.13.jar:/Users/sayed.maudoudi/.m2/repository/org/kohsuke/groovy-sandbox/1.8/groovy-sandbox-1.8.jar:/Users/sayed.maudoudi/.m2/repository/org/jenkins-ci/plugins/mailer/1.16/mailer-1.16.jar:/Users/sayed.maudoudi/.m2/repository/org/apache/maven/surefire/surefire-testng-utils/2.20.1/surefire-testng-utils-2.20.1.jar:/Users/sayed.maudoudi/.m2/repository/org/apache/maven/surefire/surefire-grouper/2.20.1/surefire-grouper-2.20.1.jar:"/>
    <property name="java.vm.vendor" value="Oracle Corporation"/>
    <property name="sun.arch.data.model" value="64"/>
    <property name="java.vendor.url" value="http://java.oracle.com/"/>
    <property name="user.timezone" value=""/>
    <property name="java.vm.specification.version" value="1.8"/>
    <property name="os.name" value="Mac OS X"/>
    <property name="user.country" value="US"/>
    <property name="sun.java.launcher" value="SUN_STANDARD"/>
    <property name="sun.boot.library.path" value="/Library/Java/JavaVirtualMachines/jdk1.8.0_161.jdk/Contents/Home/jre/lib"/>
    <property name="sun.java.command" value="/Users/sayed.maudoudi/Desktop/webpt-cucumber-starter/target/surefire/surefirebooter8487380360130840510.jar /Users/sayed.maudoudi/Desktop/webpt-cucumber-starter/target/surefire 2018-05-03T12-38-17_608-jvmRun1 surefire1964399848209151358tmp surefire_05866659255044018627tmp"/>
    <property name="surefire.test.class.path" value="/Users/sayed.maudoudi/Desktop/webpt-cucumber-starter/target/test-classes:/Users/sayed.maudoudi/Desktop/webpt-cucumber-starter/target/classes:/Users/sayed.maudoudi/.m2/repository/org/testng/testng/6.14.2/testng-6.14.2.jar:/Users/sayed.maudoudi/.m2/repository/com/beust/jcommander/1.72/jcommander-1.72.jar:/Users/sayed.maudoudi/.m2/repository/org/apache-extras/beanshell/bsh/2.0b6/bsh-2.0b6.jar:/Users/sayed.maudoudi/.m2/repository/org/slf4j/slf4j-api/1.7.5/slf4j-api-1.7.5.jar:/Users/sayed.maudoudi/.m2/repository/commons-io/commons-io/2.4/commons-io-2.4.jar:/Users/sayed.maudoudi/.m2/repository/org/seleniumhq/selenium/selenium-java/3.11.0/selenium-java-3.11.0.jar:/Users/sayed.maudoudi/.m2/repository/org/seleniumhq/selenium/selenium-api/3.11.0/selenium-api-3.11.0.jar:/Users/sayed.maudoudi/.m2/repository/org/seleniumhq/selenium/selenium-chrome-driver/3.11.0/selenium-chrome-driver-3.11.0.jar:/Users/sayed.maudoudi/.m2/repository/org/seleniumhq/selenium/selenium-edge-driver/3.11.0/selenium-edge-driver-3.11.0.jar:/Users/sayed.maudoudi/.m2/repository/org/seleniumhq/selenium/selenium-firefox-driver/3.11.0/selenium-firefox-driver-3.11.0.jar:/Users/sayed.maudoudi/.m2/repository/org/seleniumhq/selenium/selenium-ie-driver/3.11.0/selenium-ie-driver-3.11.0.jar:/Users/sayed.maudoudi/.m2/repository/org/seleniumhq/selenium/selenium-opera-driver/3.11.0/selenium-opera-driver-3.11.0.jar:/Users/sayed.maudoudi/.m2/repository/org/seleniumhq/selenium/selenium-safari-driver/3.11.0/selenium-safari-driver-3.11.0.jar:/Users/sayed.maudoudi/.m2/repository/org/seleniumhq/selenium/selenium-support/3.11.0/selenium-support-3.11.0.jar:/Users/sayed.maudoudi/.m2/repository/net/bytebuddy/byte-buddy/1.7.9/byte-buddy-1.7.9.jar:/Users/sayed.maudoudi/.m2/repository/org/apache/commons/commons-exec/1.3/commons-exec-1.3.jar:/Users/sayed.maudoudi/.m2/repository/commons-codec/commons-codec/1.10/commons-codec-1.10.jar:/Users/sayed.maudoudi/.m2/repository/commons-logging/commons-logging/1.2/commons-logging-1.2.jar:/Users/sayed.maudoudi/.m2/repository/com/google/code/gson/gson/2.8.2/gson-2.8.2.jar:/Users/sayed.maudoudi/.m2/repository/com/google/guava/guava/23.6-jre/guava-23.6-jre.jar:/Users/sayed.maudoudi/.m2/repository/com/google/code/findbugs/jsr305/1.3.9/jsr305-1.3.9.jar:/Users/sayed.maudoudi/.m2/repository/org/checkerframework/checker-compat-qual/2.0.0/checker-compat-qual-2.0.0.jar:/Users/sayed.maudoudi/.m2/repository/com/google/errorprone/error_prone_annotations/2.1.3/error_prone_annotations-2.1.3.jar:/Users/sayed.maudoudi/.m2/repository/com/google/j2objc/j2objc-annotations/1.1/j2objc-annotations-1.1.jar:/Users/sayed.maudoudi/.m2/repository/org/codehaus/mojo/animal-sniffer-annotations/1.14/animal-sniffer-annotations-1.14.jar:/Users/sayed.maudoudi/.m2/repository/org/apache/httpcomponents/httpclient/4.5.3/httpclient-4.5.3.jar:/Users/sayed.maudoudi/.m2/repository/org/apache/httpcomponents/httpcore/4.4.6/httpcore-4.4.6.jar:/Users/sayed.maudoudi/.m2/repository/com/squareup/okhttp3/okhttp/3.9.1/okhttp-3.9.1.jar:/Users/sayed.maudoudi/.m2/repository/com/squareup/okio/okio/1.13.0/okio-1.13.0.jar:/Users/sayed.maudoudi/.m2/repository/org/seleniumhq/selenium/selenium-server/3.11.0/selenium-server-3.11.0.jar:/Users/sayed.maudoudi/.m2/repository/org/apache/commons/commons-text/1.1/commons-text-1.1.jar:/Users/sayed.maudoudi/.m2/repository/commons-net/commons-net/3.6/commons-net-3.6.jar:/Users/sayed.maudoudi/.m2/repository/org/w3c/css/sac/1.3/sac-1.3.jar:/Users/sayed.maudoudi/.m2/repository/net/sourceforge/cssparser/cssparser/0.9.24/cssparser-0.9.24.jar:/Users/sayed.maudoudi/.m2/repository/net/sourceforge/htmlunit/htmlunit/2.29/htmlunit-2.29.jar:/Users/sayed.maudoudi/.m2/repository/net/sourceforge/htmlunit/htmlunit-core-js/2.28/htmlunit-core-js-2.28.jar:/Users/sayed.maudoudi/.m2/repository/net/sourceforge/htmlunit/neko-htmlunit/2.28/neko-htmlunit-2.28.jar:/Users/sayed.maudoudi/.m2/repository/org/apache/httpcomponents/httpmime/4.5.3/httpmime-4.5.3.jar:/Users/sayed.maudoudi/.m2/repository/net/jcip/jcip-annotations/1.0/jcip-annotations-1.0.jar:/Users/sayed.maudoudi/.m2/repository/org/seleniumhq/selenium/jetty-repacked/9.4.7.v20171121/jetty-repacked-9.4.7.v20171121.jar:/Users/sayed.maudoudi/.m2/repository/org/eclipse/jetty/jetty-client/9.4.7.v20170914/jetty-client-9.4.7.v20170914.jar:/Users/sayed.maudoudi/.m2/repository/org/eclipse/jetty/jetty-http/9.4.8.v20171121/jetty-http-9.4.8.v20171121.jar:/Users/sayed.maudoudi/.m2/repository/org/eclipse/jetty/jetty-io/9.4.8.v20171121/jetty-io-9.4.8.v20171121.jar:/Users/sayed.maudoudi/.m2/repository/org/eclipse/jetty/jetty-util/9.4.8.v20171121/jetty-util-9.4.8.v20171121.jar:/Users/sayed.maudoudi/.m2/repository/org/eclipse/jetty/jetty-xml/9.4.7.v20170914/jetty-xml-9.4.7.v20170914.jar:/Users/sayed.maudoudi/.m2/repository/org/seleniumhq/selenium/htmlunit-driver/2.29.0/htmlunit-driver-2.29.0.jar:/Users/sayed.maudoudi/.m2/repository/javax/servlet/javax.servlet-api/3.1.0/javax.servlet-api-3.1.0.jar:/Users/sayed.maudoudi/.m2/repository/org/eclipse/jetty/websocket/websocket-api/9.4.7.v20170914/websocket-api-9.4.7.v20170914.jar:/Users/sayed.maudoudi/.m2/repository/org/eclipse/jetty/websocket/websocket-client/9.4.7.v20170914/websocket-client-9.4.7.v20170914.jar:/Users/sayed.maudoudi/.m2/repository/org/eclipse/jetty/websocket/websocket-common/9.4.7.v20170914/websocket-common-9.4.7.v20170914.jar:/Users/sayed.maudoudi/.m2/repository/xalan/serializer/2.7.2/serializer-2.7.2.jar:/Users/sayed.maudoudi/.m2/repository/xalan/xalan/2.7.2/xalan-2.7.2.jar:/Users/sayed.maudoudi/.m2/repository/xerces/xercesImpl/2.11.0/xercesImpl-2.11.0.jar:/Users/sayed.maudoudi/.m2/repository/xml-apis/xml-apis/1.4.01/xml-apis-1.4.01.jar:/Users/sayed.maudoudi/.m2/repository/org/yaml/snakeyaml/1.19/snakeyaml-1.19.jar:/Users/sayed.maudoudi/.m2/repository/org/seleniumhq/selenium/selenium-remote-driver/3.11.0/selenium-remote-driver-3.11.0.jar:/Users/sayed.maudoudi/.m2/repository/com/opera/operadriver/0.7.3/operadriver-0.7.3.jar:/Users/sayed.maudoudi/.m2/repository/com/google/protobuf/protobuf-java/2.4.1/protobuf-java-2.4.1.jar:/Users/sayed.maudoudi/.m2/repository/org/assertj/assertj-core/3.6.2/assertj-core-3.6.2.jar:/Users/sayed.maudoudi/.m2/repository/javax/ws/rs/javax.ws.rs-api/2.0.1/javax.ws.rs-api-2.0.1.jar:/Users/sayed.maudoudi/.m2/repository/org/apache/commons/commons-math/2.1/commons-math-2.1.jar:/Users/sayed.maudoudi/.m2/repository/org/apache/commons/commons-lang3/3.0/commons-lang3-3.0.jar:/Users/sayed.maudoudi/.m2/repository/commons-configuration/commons-configuration/1.9/commons-configuration-1.9.jar:/Users/sayed.maudoudi/.m2/repository/commons-lang/commons-lang/2.6/commons-lang-2.6.jar:/Users/sayed.maudoudi/.m2/repository/commons-jxpath/commons-jxpath/1.3/commons-jxpath-1.3.jar:/Users/sayed.maudoudi/.m2/repository/commons-beanutils/commons-beanutils/1.8.3/commons-beanutils-1.8.3.jar:/Users/sayed.maudoudi/.m2/repository/commons-dbutils/commons-dbutils/1.5/commons-dbutils-1.5.jar:/Users/sayed.maudoudi/.m2/repository/commons-dbcp/commons-dbcp/1.4/commons-dbcp-1.4.jar:/Users/sayed.maudoudi/.m2/repository/commons-pool/commons-pool/1.5.4/commons-pool-1.5.4.jar:/Users/sayed.maudoudi/.m2/repository/ch/qos/logback/logback-classic/1.2.3/logback-classic-1.2.3.jar:/Users/sayed.maudoudi/.m2/repository/com/h2database/h2/1.4.187/h2-1.4.187.jar:/Users/sayed.maudoudi/.m2/repository/org/jdom/jdom2/2.0.6/jdom2-2.0.6.jar:/Users/sayed.maudoudi/.m2/repository/log4j/log4j/1.2.17/log4j-1.2.17.jar:/Users/sayed.maudoudi/.m2/repository/org/jbehave/jbehave-core/3.9.5/jbehave-core-3.9.5.jar:/Users/sayed.maudoudi/.m2/repository/junit/junit/4.11/junit-4.11.jar:/Users/sayed.maudoudi/.m2/repository/org/hamcrest/hamcrest-core/1.3/hamcrest-core-1.3.jar:/Users/sayed.maudoudi/.m2/repository/org/hamcrest/hamcrest-library/1.3/hamcrest-library-1.3.jar:/Users/sayed.maudoudi/.m2/repository/org/hamcrest/hamcrest-integration/1.3/hamcrest-integration-1.3.jar:/Users/sayed.maudoudi/.m2/repository/commons-collections/commons-collections/3.2.1/commons-collections-3.2.1.jar:/Users/sayed.maudoudi/.m2/repository/org/codehaus/plexus/plexus-utils/3.0.10/plexus-utils-3.0.10.jar:/Users/sayed.maudoudi/.m2/repository/org/freemarker/freemarker/2.3.19/freemarker-2.3.19.jar:/Users/sayed.maudoudi/.m2/repository/com/thoughtworks/paranamer/paranamer/2.4/paranamer-2.4.jar:/Users/sayed.maudoudi/.m2/repository/com/thoughtworks/xstream/xstream/1.4.5/xstream-1.4.5.jar:/Users/sayed.maudoudi/.m2/repository/xmlpull/xmlpull/1.1.3.1/xmlpull-1.1.3.1.jar:/Users/sayed.maudoudi/.m2/repository/xpp3/xpp3_min/1.1.4c/xpp3_min-1.1.4c.jar:/Users/sayed.maudoudi/.m2/repository/info/cukes/cucumber-java8/1.2.5/cucumber-java8-1.2.5.jar:/Users/sayed.maudoudi/.m2/repository/info/cukes/cucumber-java/1.2.5/cucumber-java-1.2.5.jar:/Users/sayed.maudoudi/.m2/repository/info/cukes/cucumber-junit/1.2.5/cucumber-junit-1.2.5.jar:/Users/sayed.maudoudi/.m2/repository/info/cukes/cucumber-testng/1.2.5/cucumber-testng-1.2.5.jar:/Users/sayed.maudoudi/.m2/repository/info/cukes/cucumber-core/1.2.5/cucumber-core-1.2.5.jar:/Users/sayed.maudoudi/.m2/repository/info/cukes/cucumber-html/0.2.3/cucumber-html-0.2.3.jar:/Users/sayed.maudoudi/.m2/repository/info/cukes/cucumber-jvm-deps/1.0.5/cucumber-jvm-deps-1.0.5.jar:/Users/sayed.maudoudi/.m2/repository/info/cukes/gherkin/2.12.2/gherkin-2.12.2.jar:/Users/sayed.maudoudi/.m2/repository/net/masterthought/cucumber-reporting/3.9.0/cucumber-reporting-3.9.0.jar:/Users/sayed.maudoudi/.m2/repository/org/apache/logging/log4j/log4j-api/2.8.2/log4j-api-2.8.2.jar:/Users/sayed.maudoudi/.m2/repository/com/fasterxml/jackson/core/jackson-databind/2.8.6/jackson-databind-2.8.6.jar:/Users/sayed.maudoudi/.m2/repository/com/fasterxml/jackson/core/jackson-annotations/2.8.0/jackson-annotations-2.8.0.jar:/Users/sayed.maudoudi/.m2/repository/com/fasterxml/jackson/core/jackson-core/2.8.6/jackson-core-2.8.6.jar:/Users/sayed.maudoudi/.m2/repository/org/apache/velocity/velocity/1.7/velocity-1.7.jar:/Users/sayed.maudoudi/.m2/repository/velocity-tools/velocity-tools/1.4/velocity-tools-1.4.jar:/Users/sayed.maudoudi/.m2/repository/joda-time/joda-time/2.9.9/joda-time-2.9.9.jar:/Users/sayed.maudoudi/.m2/repository/net/lingala/zip4j/zip4j/1.3.2/zip4j-1.3.2.jar:/Users/sayed.maudoudi/.m2/repository/org/jsoup/jsoup/1.10.3/jsoup-1.10.3.jar:/Users/sayed.maudoudi/.m2/repository/com/googlecode/owasp-java-html-sanitizer/owasp-java-html-sanitizer/20170515.1/owasp-java-html-sanitizer-20170515.1.jar:/Users/sayed.maudoudi/.m2/repository/com/liferay/net.jsourcerer.webdriver.JSErrorCollector/0.6/net.jsourcerer.webdriver.JSErrorCollector-0.6.jar:/Users/sayed.maudoudi/.m2/repository/org/sikuli/sikuli-api/1.2.0/sikuli-api-1.2.0.jar:/Users/sayed.maudoudi/.m2/repository/org/sikuli/sikuli-core/1.2.2/sikuli-core-1.2.2.jar:/Users/sayed.maudoudi/.m2/repository/org/bytedeco/javacpp/0.9/javacpp-0.9.jar:/Users/sayed.maudoudi/.m2/repository/org/bytedeco/javacpp-presets/opencv/2.4.9-0.9/opencv-2.4.9-0.9.jar:/Users/sayed.maudoudi/.m2/repository/org/piccolo2d/piccolo2d-extras/1.3.1/piccolo2d-extras-1.3.1.jar:/Users/sayed.maudoudi/.m2/repository/org/piccolo2d/piccolo2d-core/1.3.1/piccolo2d-core-1.3.1.jar:/Users/sayed.maudoudi/.m2/repository/com/codeborne/phantomjsdriver/1.4.3/phantomjsdriver-1.4.3.jar:/Users/sayed.maudoudi/.m2/repository/ch/qos/logback/logback-core/1.2.3/logback-core-1.2.3.jar:/Users/sayed.maudoudi/.m2/repository/org/apache/logging/log4j/log4j-core/2.11.0/log4j-core-2.11.0.jar:/Users/sayed.maudoudi/.m2/repository/com/github/mkolisnyk/cucumber-runner/1.0.8/cucumber-runner-1.0.8.jar:/Users/sayed.maudoudi/.m2/repository/com/github/mkolisnyk/cucumber-report-generator/1.0.8/cucumber-report-generator-1.0.8.jar:/Users/sayed.maudoudi/.m2/repository/batik/batik-transcoder/1.6-1/batik-transcoder-1.6-1.jar:/Users/sayed.maudoudi/.m2/repository/batik/batik-bridge/1.6-1/batik-bridge-1.6-1.jar:/Users/sayed.maudoudi/.m2/repository/batik/batik-gvt/1.6-1/batik-gvt-1.6-1.jar:/Users/sayed.maudoudi/.m2/repository/batik/batik-awt-util/1.6-1/batik-awt-util-1.6-1.jar:/Users/sayed.maudoudi/.m2/repository/batik/batik-util/1.6-1/batik-util-1.6-1.jar:/Users/sayed.maudoudi/.m2/repository/batik/batik-gui-util/1.6-1/batik-gui-util-1.6-1.jar:/Users/sayed.maudoudi/.m2/repository/batik/batik-ext/1.6-1/batik-ext-1.6-1.jar:/Users/sayed.maudoudi/.m2/repository/xml-apis/xmlParserAPIs/2.0.2/xmlParserAPIs-2.0.2.jar:/Users/sayed.maudoudi/.m2/repository/batik/batik-script/1.6-1/batik-script-1.6-1.jar:/Users/sayed.maudoudi/.m2/repository/rhino/js/1.5R4.1/js-1.5R4.1.jar:/Users/sayed.maudoudi/.m2/repository/batik/batik-svg-dom/1.6-1/batik-svg-dom-1.6-1.jar:/Users/sayed.maudoudi/.m2/repository/batik/batik-dom/1.6-1/batik-dom-1.6-1.jar:/Users/sayed.maudoudi/.m2/repository/batik/batik-css/1.6-1/batik-css-1.6-1.jar:/Users/sayed.maudoudi/.m2/repository/batik/batik-xml/1.6-1/batik-xml-1.6-1.jar:/Users/sayed.maudoudi/.m2/repository/batik/batik-parser/1.6-1/batik-parser-1.6-1.jar:/Users/sayed.maudoudi/.m2/repository/com/itextpdf/itextpdf/5.5.10/itextpdf-5.5.10.jar:/Users/sayed.maudoudi/.m2/repository/com/cedarsoftware/json-io/4.8.0/json-io-4.8.0.jar:/Users/sayed.maudoudi/.m2/repository/org/xhtmlrenderer/flying-saucer-pdf/9.0.9/flying-saucer-pdf-9.0.9.jar:/Users/sayed.maudoudi/.m2/repository/com/lowagie/itext/2.1.7/itext-2.1.7.jar:/Users/sayed.maudoudi/.m2/repository/bouncycastle/bcmail-jdk14/138/bcmail-jdk14-138.jar:/Users/sayed.maudoudi/.m2/repository/bouncycastle/bcprov-jdk14/138/bcprov-jdk14-138.jar:/Users/sayed.maudoudi/.m2/repository/org/bouncycastle/bctsp-jdk14/1.38/bctsp-jdk14-1.38.jar:/Users/sayed.maudoudi/.m2/repository/org/xhtmlrenderer/flying-saucer-core/9.0.9/flying-saucer-core-9.0.9.jar:/Users/sayed.maudoudi/.m2/repository/org/javassist/javassist/3.22.0-CR1/javassist-3.22.0-CR1.jar:/Users/sayed.maudoudi/.m2/repository/org/apache/maven/maven-plugin-api/2.0/maven-plugin-api-2.0.jar:/Users/sayed.maudoudi/.m2/repository/org/apache/maven/reporting/maven-reporting-api/2.0.8/maven-reporting-api-2.0.8.jar:/Users/sayed.maudoudi/.m2/repository/org/apache/maven/doxia/doxia-sink-api/1.0-alpha-9/doxia-sink-api-1.0-alpha-9.jar:/Users/sayed.maudoudi/.m2/repository/org/apache/maven/reporting/maven-reporting-impl/2.0.4.3/maven-reporting-impl-2.0.4.3.jar:/Users/sayed.maudoudi/.m2/repository/org/apache/maven/maven-project/2.0.4/maven-project-2.0.4.jar:/Users/sayed.maudoudi/.m2/repository/org/apache/maven/maven-settings/2.0.4/maven-settings-2.0.4.jar:/Users/sayed.maudoudi/.m2/repository/org/apache/maven/maven-profile/2.0.4/maven-profile-2.0.4.jar:/Users/sayed.maudoudi/.m2/repository/org/apache/maven/maven-artifact-manager/2.0.4/maven-artifact-manager-2.0.4.jar:/Users/sayed.maudoudi/.m2/repository/org/apache/maven/wagon/wagon-provider-api/1.0-alpha-6/wagon-provider-api-1.0-alpha-6.jar:/Users/sayed.maudoudi/.m2/repository/org/codehaus/plexus/plexus-container-default/1.0-alpha-9/plexus-container-default-1.0-alpha-9.jar:/Users/sayed.maudoudi/.m2/repository/classworlds/classworlds/1.1-alpha-2/classworlds-1.1-alpha-2.jar:/Users/sayed.maudoudi/.m2/repository/org/apache/maven/doxia/doxia-core/1.0/doxia-core-1.0.jar:/Users/sayed.maudoudi/.m2/repository/org/apache/maven/doxia/doxia-site-renderer/1.0/doxia-site-renderer-1.0.jar:/Users/sayed.maudoudi/.m2/repository/org/codehaus/plexus/plexus-i18n/1.0-beta-7/plexus-i18n-1.0-beta-7.jar:/Users/sayed.maudoudi/.m2/repository/org/codehaus/plexus/plexus-velocity/1.1.7/plexus-velocity-1.1.7.jar:/Users/sayed.maudoudi/.m2/repository/org/apache/maven/doxia/doxia-decoration-model/1.0/doxia-decoration-model-1.0.jar:/Users/sayed.maudoudi/.m2/repository/org/apache/maven/doxia/doxia-module-apt/1.0/doxia-module-apt-1.0.jar:/Users/sayed.maudoudi/.m2/repository/org/apache/maven/doxia/doxia-module-fml/1.0/doxia-module-fml-1.0.jar:/Users/sayed.maudoudi/.m2/repository/org/apache/maven/doxia/doxia-module-xdoc/1.0/doxia-module-xdoc-1.0.jar:/Users/sayed.maudoudi/.m2/repository/org/apache/maven/doxia/doxia-module-xhtml/1.0/doxia-module-xhtml-1.0.jar:/Users/sayed.maudoudi/.m2/repository/commons-validator/commons-validator/1.2.0/commons-validator-1.2.0.jar:/Users/sayed.maudoudi/.m2/repository/commons-digester/commons-digester/1.6/commons-digester-1.6.jar:/Users/sayed.maudoudi/.m2/repository/oro/oro/2.0.8/oro-2.0.8.jar:/Users/sayed.maudoudi/.m2/repository/org/apache/maven/shared/maven-doxia-tools/1.0.2/maven-doxia-tools-1.0.2.jar:/Users/sayed.maudoudi/.m2/repository/net/masterthought/jenkins/cucumber-reports/0.0.21/cucumber-reports-0.0.21.jar:/Users/sayed.maudoudi/.m2/repository/net/masterthought/maven-cucumber-reporting/3.16.0/maven-cucumber-reporting-3.16.0.jar:/Users/sayed.maudoudi/.m2/repository/org/apache/maven/plugins/maven-gpg-plugin/1.6/maven-gpg-plugin-1.6.jar:/Users/sayed.maudoudi/.m2/repository/org/apache/maven/maven-artifact/2.2.1/maven-artifact-2.2.1.jar:/Users/sayed.maudoudi/.m2/repository/org/apache/maven/maven-repository-metadata/2.2.1/maven-repository-metadata-2.2.1.jar:/Users/sayed.maudoudi/.m2/repository/org/apache/maven/maven-model/2.2.1/maven-model-2.2.1.jar:/Users/sayed.maudoudi/.m2/repository/org/sonatype/plexus/plexus-sec-dispatcher/1.4/plexus-sec-dispatcher-1.4.jar:/Users/sayed.maudoudi/.m2/repository/org/sonatype/plexus/plexus-cipher/1.4/plexus-cipher-1.4.jar:/Users/sayed.maudoudi/.m2/repository/org/jenkins-ci/plugins/git/2.5.0/git-2.5.0.jar:/Users/sayed.maudoudi/.m2/repository/com/infradna/tool/bridge-method-annotation/1.14/bridge-method-annotation-1.14.jar:/Users/sayed.maudoudi/.m2/repository/org/jenkins-ci/annotation-indexer/1.4/annotation-indexer-1.4.jar:/Users/sayed.maudoudi/.m2/repository/org/jenkins-ci/plugins/git-client/1.19.6/git-client-1.19.6.jar:/Users/sayed.maudoudi/.m2/repository/org/eclipse/jgit/org.eclipse.jgit/3.7.1.201504261725-r/org.eclipse.jgit-3.7.1.201504261725-r.jar:/Users/sayed.maudoudi/.m2/repository/com/jcraft/jsch/0.1.50/jsch-0.1.50.jar:/Users/sayed.maudoudi/.m2/repository/com/googlecode/javaewah/JavaEWAH/0.7.9/JavaEWAH-0.7.9.jar:/Users/sayed.maudoudi/.m2/repository/org/eclipse/jgit/org.eclipse.jgit.http.server/3.7.1.201504261725-r/org.eclipse.jgit.http.server-3.7.1.201504261725-r.jar:/Users/sayed.maudoudi/.m2/repository/org/eclipse/jgit/org.eclipse.jgit.java7/3.7.1.201504261725-r/org.eclipse.jgit.java7-3.7.1.201504261725-r.jar:/Users/sayed.maudoudi/.m2/repository/org/jenkins-ci/plugins/credentials/1.25/credentials-1.25.jar:/Users/sayed.maudoudi/.m2/repository/com/github/stephenc/findbugs/findbugs-annotations/1.3.9-1/findbugs-annotations-1.3.9-1.jar:/Users/sayed.maudoudi/.m2/repository/org/jenkins-ci/plugins/icon-shim/icon-shim/2.0.2/icon-shim-2.0.2.jar:/Users/sayed.maudoudi/.m2/repository/org/jenkins-ci/plugins/icon-shim/icon-set/2.0.2/icon-set-2.0.2.jar:/Users/sayed.maudoudi/.m2/repository/org/jenkins-ci/plugins/ssh-credentials/1.11/ssh-credentials-1.11.jar:/Users/sayed.maudoudi/.m2/repository/org/jenkins-ci/plugins/scm-api/1.0/scm-api-1.0.jar:/Users/sayed.maudoudi/.m2/repository/org/jenkins-ci/plugins/workflow/workflow-scm-step/1.14.2/workflow-scm-step-1.14.2.jar:/Users/sayed.maudoudi/.m2/repository/org/jenkins-ci/plugins/workflow/workflow-step-api/1.14.2/workflow-step-api-1.14.2.jar:/Users/sayed.maudoudi/.m2/repository/org/jenkins-ci/plugins/matrix-project/1.6/matrix-project-1.6.jar:/Users/sayed.maudoudi/.m2/repository/org/jenkins-ci/plugins/junit/1.2/junit-1.2.jar:/Users/sayed.maudoudi/.m2/repository/org/jenkins-ci/plugins/script-security/1.13/script-security-1.13.jar:/Users/sayed.maudoudi/.m2/repository/org/kohsuke/groovy-sandbox/1.8/groovy-sandbox-1.8.jar:/Users/sayed.maudoudi/.m2/repository/org/jenkins-ci/plugins/mailer/1.16/mailer-1.16.jar:/Users/sayed.maudoudi/.m2/repository/org/apache/maven/surefire/surefire-testng-utils/2.20.1/surefire-testng-utils-2.20.1.jar:/Users/sayed.maudoudi/.m2/repository/org/apache/maven/surefire/surefire-grouper/2.20.1/surefire-grouper-2.20.1.jar:"/>
    <property name="sun.cpu.endian" value="little"/>
    <property name="user.home" value="/Users/sayed.maudoudi"/>
    <property name="user.language" value="en"/>
    <property name="java.specification.vendor" value="Oracle Corporation"/>
    <property name="java.home" value="/Library/Java/JavaVirtualMachines/jdk1.8.0_161.jdk/Contents/Home/jre"/>
    <property name="basedir" value="/Users/sayed.maudoudi/Desktop/webpt-cucumber-starter"/>
    <property name="file.separator" value="/"/>
    <property name="line.separator" value="&#10;"/>
    <property name="java.vm.specification.vendor" value="Oracle Corporation"/>
    <property name="java.specification.name" value="Java Platform API Specification"/>
    <property name="java.awt.graphicsenv" value="sun.awt.CGraphicsEnvironment"/>
    <property name="surefire.real.class.path" value="/Users/sayed.maudoudi/Desktop/webpt-cucumber-starter/target/surefire/surefirebooter8487380360130840510.jar"/>
    <property name="sun.boot.class.path" value="/Library/Java/JavaVirtualMachines/jdk1.8.0_161.jdk/Contents/Home/jre/lib/resources.jar:/Library/Java/JavaVirtualMachines/jdk1.8.0_161.jdk/Contents/Home/jre/lib/rt.jar:/Library/Java/JavaVirtualMachines/jdk1.8.0_161.jdk/Contents/Home/jre/lib/sunrsasign.jar:/Library/Java/JavaVirtualMachines/jdk1.8.0_161.jdk/Contents/Home/jre/lib/jsse.jar:/Library/Java/JavaVirtualMachines/jdk1.8.0_161.jdk/Contents/Home/jre/lib/jce.jar:/Library/Java/JavaVirtualMachines/jdk1.8.0_161.jdk/Contents/Home/jre/lib/charsets.jar:/Library/Java/JavaVirtualMachines/jdk1.8.0_161.jdk/Contents/Home/jre/lib/jfr.jar:/Library/Java/JavaVirtualMachines/jdk1.8.0_161.jdk/Contents/Home/jre/classes"/>
    <property name="sun.management.compiler" value="HotSpot 64-Bit Tiered Compilers"/>
    <property name="java.runtime.version" value="1.8.0_161-b12"/>
    <property name="user.name" value="sayed.maudoudi"/>
    <property name="path.separator" value=":"/>
    <property name="os.version" value="10.12.6"/>
    <property name="java.endorsed.dirs" value="/Library/Java/JavaVirtualMachines/jdk1.8.0_161.jdk/Contents/Home/jre/lib/endorsed"/>
    <property name="java.runtime.name" value="Java(TM) SE Runtime Environment"/>
    <property name="file.encoding" value="UTF-8"/>
    <property name="java.vm.name" value="Java HotSpot(TM) 64-Bit Server VM"/>
    <property name="localRepository" value="/Users/sayed.maudoudi/.m2/repository"/>
    <property name="java.vendor.url.bug" value="http://bugreport.sun.com/bugreport/"/>
    <property name="java.io.tmpdir" value="/var/folders/vt/_txsgrj51g97r72n6_qgrxq5g9bbq5/T/"/>
    <property name="java.version" value="1.8.0_161"/>
    <property name="user.dir" value="/Users/sayed.maudoudi/Desktop/webpt-cucumber-starter"/>
    <property name="os.arch" value="x86_64"/>
    <property name="java.vm.specification.name" value="Java Virtual Machine Specification"/>
    <property name="java.awt.printerjob" value="sun.lwawt.macosx.CPrinterJob"/>
    <property name="sun.os.patch.level" value="unknown"/>
    <property name="java.library.path" value="/Users/sayed.maudoudi/Library/Java/Extensions:/Library/Java/Extensions:/Network/Library/Java/Extensions:/System/Library/Java/Extensions:/usr/lib/java:."/>
    <property name="java.vm.info" value="mixed mode"/>
    <property name="java.vendor" value="Oracle Corporation"/>
    <property name="java.vm.version" value="25.161-b12"/>
    <property name="java.ext.dirs" value="/Users/sayed.maudoudi/Library/Java/Extensions:/Library/Java/JavaVirtualMachines/jdk1.8.0_161.jdk/Contents/Home/jre/lib/ext:/Library/Java/Extensions:/Network/Library/Java/Extensions:/System/Library/Java/Extensions:/usr/lib/java"/>
    <property name="sun.io.unicode.encoding" value="UnicodeBig"/>
    <property name="java.class.version" value="52.0"/>
  </properties>
  <testcase name="testApp on testApp(com.webpt.step.definition.AppTest)" classname="com.webpt.step.definition.AppTest" time="0.001"/>
</testsuite>