<?xml version="1.0" encoding="UTF-8"?>
<!-- Generated by org.testng.reporters.JUnitReportReporter -->
<testsuite skipped="0" hostname="WPTC02T86HNGTFM" name="com.webpt.step.definition.google.Parallel01IT" tests="1" failures="0" timestamp="30 Apr 2018 15:52:58 GMT" time="36.222" errors="0">
  <testcase name="feature" time="36.222" classname="com.webpt.step.definition.google.Parallel01IT"/>
</testsuite> <!-- com.webpt.step.definition.google.Parallel01IT -->
