<?xml version="1.0" encoding="UTF-8"?>
<!-- Generated by org.testng.reporters.JUnitReportReporter -->
<testsuite skipped="0" hostname="WPTC02T86HNGTFM" name="com.webpt.atf.step.definition.google.Parallel01IT" tests="1" failures="0" timestamp="25 Apr 2018 21:06:07 GMT" time="70.927" errors="0">
  <testcase name="feature" time="70.927" classname="com.webpt.atf.step.definition.google.Parallel01IT"/>
</testsuite> <!-- com.webpt.atf.step.definition.google.Parallel01IT -->
