<?xml version="1.0" encoding="UTF-8"?>
<!-- Generated by org.testng.reporters.JUnitReportReporter -->
<testsuite skipped="0" hostname="WPTC02T86HNGTFM" name="com.webpt.step.definition.AppTest" tests="1" failures="0" timestamp="03 May 2018 17:11:42 GMT" time="0.007" errors="0">
  <testcase name="testApp" time="0.007" classname="com.webpt.step.definition.AppTest"/>
</testsuite> <!-- com.webpt.step.definition.AppTest -->
